# JRE version: OpenJDK Runtime Environment (25.0.1+8) (build 25.0.1+8-27)
# Java VM: OpenJDK 64-Bit Server VM (25.0.1+8-27, mixed mode, emulated-client, sharing, tiered, compressed oops, compressed class ptrs, g1 gc, windows-amd64)
GC Precious Log:
 CardTable entry size: 512
 Card Set container configuration: InlinePtr #cards 5 size 8 Array Of Cards #cards 10 size 36 Howl #buckets 4 coarsen threshold 1843 Howl Bitmap #cards 512 size 80 coarsen threshold 460 Card regions per heap region 1 cards per card region 2048
 CPUs: 8 total, 8 available
 Memory: 7985M
 Large Page Support: Disabled
 NUMA Support: Disabled
 Compressed Oops: Enabled (32-bit)
 Heap Region Size: 1M
 Heap Min Capacity: 8M
 Heap Initial Capacity: 126M
 Heap Max Capacity: 1998M
 Pre-touch: Disabled
 Parallel Workers: 8
 Concurrent Workers: 2
 Concurrent Refinement Workers: 8
 Periodic GC: Disabled
Heap:
 garbage-first heap   total reserved 2045952K, committed 66560K, used 33084K [0x0000000083200000, 0x0000000100000000)
  region size 1024K, 13 young (13312K), 4 survivors (4096K)
GC Heap Usage History (12 events):
Event: 1.109 {heap Before GC invocations=0 (full 0):
 garbage-first heap   total reserved 2045952K, committed 131072K, used 51347K [0x0000000083200000, 0x0000000100000000)
  region size 1024K, 47 young (48128K), 0 survivors (0K)
}
Event: 1.117 {heap After GC invocations=1 (full 0):
 garbage-first heap   total reserved 2045952K, committed 131072K, used 11033K [0x0000000083200000, 0x0000000100000000)
  region size 1024K, 6 young (6144K), 6 survivors (6144K)
}
Event: 1.566 {heap Before GC invocations=1 (full 0):
 garbage-first heap   total reserved 2045952K, committed 131072K, used 56089K [0x0000000083200000, 0x0000000100000000)
  region size 1024K, 52 young (53248K), 6 survivors (6144K)
}
Event: 1.573 {heap After GC invocations=2 (full 0):
 garbage-first heap   total reserved 2045952K, committed 131072K, used 15340K [0x0000000083200000, 0x0000000100000000)
  region size 1024K, 4 young (4096K), 4 survivors (4096K)
}
Event: 2.133 {heap Before GC invocations=3 (full 0):
 garbage-first heap   total reserved 2045952K, committed 58368K, used 56300K [0x0000000083200000, 0x0000000100000000)
  region size 1024K, 44 young (45056K), 4 survivors (4096K)
}
Event: 2.140 {heap After GC invocations=4 (full 0):
 garbage-first heap   total reserved 2045952K, committed 66560K, used 18892K [0x0000000083200000, 0x0000000100000000)
  region size 1024K, 8 young (8192K), 8 survivors (8192K)
}
Event: 2.571 {heap Before GC invocations=4 (full 0):
 garbage-first heap   total reserved 2045952K, committed 66560K, used 46540K [0x0000000083200000, 0x0000000100000000)
  region size 1024K, 35 young (35840K), 8 survivors (8192K)
}
Event: 2.581 {heap After GC invocations=5 (full 0):
 garbage-first heap   total reserved 2045952K, committed 66560K, used 21545K [0x0000000083200000, 0x0000000100000000)
  region size 1024K, 3 young (3072K), 3 survivors (3072K)
}
Event: 3.119 {heap Before GC invocations=5 (full 0):
 garbage-first heap   total reserved 2045952K, committed 66560K, used 41001K [0x0000000083200000, 0x0000000100000000)
  region size 1024K, 24 young (24576K), 3 survivors (3072K)
}
Event: 3.122 {heap After GC invocations=6 (full 0):
 garbage-first heap   total reserved 2045952K, committed 66560K, used 23858K [0x0000000083200000, 0x0000000100000000)
  region size 1024K, 2 young (2048K), 2 survivors (2048K)
}
Event: 6.752 {heap Before GC invocations=7 (full 0):
 garbage-first heap   total reserved 2045952K, committed 66560K, used 50482K [0x0000000083200000, 0x0000000100000000)
  region size 1024K, 29 young (29696K), 2 survivors (2048K)
}
Event: 6.755 {heap After GC invocations=8 (full 0):
 garbage-first heap   total reserved 2045952K, committed 66560K, used 25916K [0x0000000083200000, 0x0000000100000000)
  region size 1024K, 4 young (4096K), 4 survivors (4096K)
}

